   1              	 .cpu cortex-m0
   2              	 .fpu softvfp
   3              	 .eabi_attribute 20,1
   4              	 .eabi_attribute 21,1
   5              	 .eabi_attribute 23,3
   6              	 .eabi_attribute 24,1
   7              	 .eabi_attribute 25,1
   8              	 .eabi_attribute 26,1
   9              	 .eabi_attribute 30,6
  10              	 .eabi_attribute 34,0
  11              	 .eabi_attribute 18,4
  12              	 .code 16
  13              	 .file "adc_measurement_adv_conf.c"
  14              	 .text
  15              	.Ltext0:
  16              	 .cfi_sections .debug_frame
  17              	 .section .text.ADC_MEASUREMENT_ADV_0_event_config,"ax",%progbits
  18              	 .align 2
  19              	 .code 16
  20              	 .thumb_func
  22              	ADC_MEASUREMENT_ADV_0_event_config:
  23              	.LFB128:
  24              	 .file 1 "../Dave/Generated/ADC_MEASUREMENT_ADV/adc_measurement_adv_conf.c"
   1:../Dave/Generated/ADC_MEASUREMENT_ADV/adc_measurement_adv_conf.c **** /**************************************************************************************************
   2:../Dave/Generated/ADC_MEASUREMENT_ADV/adc_measurement_adv_conf.c **** * DAVE APP Name : ADC_MEASUREMENT_ADV       APP Version: 4.0.10
   3:../Dave/Generated/ADC_MEASUREMENT_ADV/adc_measurement_adv_conf.c **** *
   4:../Dave/Generated/ADC_MEASUREMENT_ADV/adc_measurement_adv_conf.c **** * NOTE:
   5:../Dave/Generated/ADC_MEASUREMENT_ADV/adc_measurement_adv_conf.c **** * This file is generated by DAVE. Any manual modification done to this file will be lost when the c
   6:../Dave/Generated/ADC_MEASUREMENT_ADV/adc_measurement_adv_conf.c **** ***************************************************************************************************
   7:../Dave/Generated/ADC_MEASUREMENT_ADV/adc_measurement_adv_conf.c **** 
   8:../Dave/Generated/ADC_MEASUREMENT_ADV/adc_measurement_adv_conf.c **** /* @cond
   9:../Dave/Generated/ADC_MEASUREMENT_ADV/adc_measurement_adv_conf.c ****  **************************************************************************************************
  10:../Dave/Generated/ADC_MEASUREMENT_ADV/adc_measurement_adv_conf.c ****  *
  11:../Dave/Generated/ADC_MEASUREMENT_ADV/adc_measurement_adv_conf.c ****  * Copyright (c) 2016, Infineon Technologies AG
  12:../Dave/Generated/ADC_MEASUREMENT_ADV/adc_measurement_adv_conf.c ****  * All rights reserved.
  13:../Dave/Generated/ADC_MEASUREMENT_ADV/adc_measurement_adv_conf.c ****  *
  14:../Dave/Generated/ADC_MEASUREMENT_ADV/adc_measurement_adv_conf.c ****  * Redistribution and use in source and binary forms, with or without modification,are permitted pr
  15:../Dave/Generated/ADC_MEASUREMENT_ADV/adc_measurement_adv_conf.c ****  * following conditions are met:
  16:../Dave/Generated/ADC_MEASUREMENT_ADV/adc_measurement_adv_conf.c ****  *
  17:../Dave/Generated/ADC_MEASUREMENT_ADV/adc_measurement_adv_conf.c ****  *   Redistributions of source code must retain the above copyright notice, this list of conditions
  18:../Dave/Generated/ADC_MEASUREMENT_ADV/adc_measurement_adv_conf.c ****  *   disclaimer.
  19:../Dave/Generated/ADC_MEASUREMENT_ADV/adc_measurement_adv_conf.c ****  *
  20:../Dave/Generated/ADC_MEASUREMENT_ADV/adc_measurement_adv_conf.c ****  *   Redistributions in binary form must reproduce the above copyright notice, this list of conditi
  21:../Dave/Generated/ADC_MEASUREMENT_ADV/adc_measurement_adv_conf.c ****  *   following disclaimer in the documentation and/or other materials provided with the distributio
  22:../Dave/Generated/ADC_MEASUREMENT_ADV/adc_measurement_adv_conf.c ****  *
  23:../Dave/Generated/ADC_MEASUREMENT_ADV/adc_measurement_adv_conf.c ****  *   Neither the name of the copyright holders nor the names of its contributors may be used to end
  24:../Dave/Generated/ADC_MEASUREMENT_ADV/adc_measurement_adv_conf.c ****  *   products derived from this software without specific prior written permission.
  25:../Dave/Generated/ADC_MEASUREMENT_ADV/adc_measurement_adv_conf.c ****  *
  26:../Dave/Generated/ADC_MEASUREMENT_ADV/adc_measurement_adv_conf.c ****  * THIS SOFTWARE IS PROVIDED BY THE COPYRIGHT HOLDERS AND CONTRIBUTORS "AS IS" AND ANY EXPRESS OR I
  27:../Dave/Generated/ADC_MEASUREMENT_ADV/adc_measurement_adv_conf.c ****  * INCLUDING, BUT NOT LIMITED TO, THE IMPLIED WARRANTIES OF MERCHANTABILITY AND FITNESS FOR A PARTI
  28:../Dave/Generated/ADC_MEASUREMENT_ADV/adc_measurement_adv_conf.c ****  * DISCLAIMED. IN NO EVENT SHALL THE COPYRIGHT HOLDER OR CONTRIBUTORS BE LIABLE  FOR ANY DIRECT, IN
  29:../Dave/Generated/ADC_MEASUREMENT_ADV/adc_measurement_adv_conf.c ****  * SPECIAL, EXEMPLARY, OR CONSEQUENTIAL DAMAGES (INCLUDING, BUT NOT LIMITED TO, PROCUREMENT OF SUBS
  30:../Dave/Generated/ADC_MEASUREMENT_ADV/adc_measurement_adv_conf.c ****  * SERVICES; LOSS OF USE, DATA, OR PROFITS; OR BUSINESS INTERRUPTION) HOWEVER CAUSED AND ON ANY THE
  31:../Dave/Generated/ADC_MEASUREMENT_ADV/adc_measurement_adv_conf.c ****  * WHETHER IN CONTRACT, STRICT LIABILITY,OR TORT (INCLUDING NEGLIGENCE OR OTHERWISE) ARISING IN ANY
  32:../Dave/Generated/ADC_MEASUREMENT_ADV/adc_measurement_adv_conf.c ****  * USE OF THIS SOFTWARE, EVEN IF ADVISED OF THE POSSIBILITY OF SUCH DAMAGE.
  33:../Dave/Generated/ADC_MEASUREMENT_ADV/adc_measurement_adv_conf.c ****  *
  34:../Dave/Generated/ADC_MEASUREMENT_ADV/adc_measurement_adv_conf.c ****  * To improve the quality of the software, users are encouraged to share modifications, enhancement
  35:../Dave/Generated/ADC_MEASUREMENT_ADV/adc_measurement_adv_conf.c ****  * with Infineon Technologies AG (dave@infineon.com).
  36:../Dave/Generated/ADC_MEASUREMENT_ADV/adc_measurement_adv_conf.c ****  **************************************************************************************************
  37:../Dave/Generated/ADC_MEASUREMENT_ADV/adc_measurement_adv_conf.c ****  *
  38:../Dave/Generated/ADC_MEASUREMENT_ADV/adc_measurement_adv_conf.c ****  * Change History
  39:../Dave/Generated/ADC_MEASUREMENT_ADV/adc_measurement_adv_conf.c ****  * --------------
  40:../Dave/Generated/ADC_MEASUREMENT_ADV/adc_measurement_adv_conf.c ****  *
  41:../Dave/Generated/ADC_MEASUREMENT_ADV/adc_measurement_adv_conf.c ****  * 2015-10-09:
  42:../Dave/Generated/ADC_MEASUREMENT_ADV/adc_measurement_adv_conf.c ****  *     - Initial version for DAVEv4.<BR>
  43:../Dave/Generated/ADC_MEASUREMENT_ADV/adc_measurement_adv_conf.c ****  *
  44:../Dave/Generated/ADC_MEASUREMENT_ADV/adc_measurement_adv_conf.c ****  * 2015-10-20:
  45:../Dave/Generated/ADC_MEASUREMENT_ADV/adc_measurement_adv_conf.c ****  *     - Documentation updated.<BR>
  46:../Dave/Generated/ADC_MEASUREMENT_ADV/adc_measurement_adv_conf.c ****  *
  47:../Dave/Generated/ADC_MEASUREMENT_ADV/adc_measurement_adv_conf.c ****  * 2015-12-15:
  48:../Dave/Generated/ADC_MEASUREMENT_ADV/adc_measurement_adv_conf.c ****  *     - Added support for XMC4300 devices.<BR>
  49:../Dave/Generated/ADC_MEASUREMENT_ADV/adc_measurement_adv_conf.c ****  *
  50:../Dave/Generated/ADC_MEASUREMENT_ADV/adc_measurement_adv_conf.c ****  * 2016-01-18:
  51:../Dave/Generated/ADC_MEASUREMENT_ADV/adc_measurement_adv_conf.c ****  *     - 1.Internal consumption of request source.<BR>
  52:../Dave/Generated/ADC_MEASUREMENT_ADV/adc_measurement_adv_conf.c ****  *     - 2.Support for synchronized conversion reduced from 8 master channels to 4 .<BR>
  53:../Dave/Generated/ADC_MEASUREMENT_ADV/adc_measurement_adv_conf.c ****  *     - 3.Converted the SetBoundary() API from public API to private API .<BR>
  54:../Dave/Generated/ADC_MEASUREMENT_ADV/adc_measurement_adv_conf.c ****  *     - 4.Updated all APIs for the Internal consumption of request source.<BR>
  55:../Dave/Generated/ADC_MEASUREMENT_ADV/adc_measurement_adv_conf.c ****  *
  56:../Dave/Generated/ADC_MEASUREMENT_ADV/adc_measurement_adv_conf.c ****  *
  57:../Dave/Generated/ADC_MEASUREMENT_ADV/adc_measurement_adv_conf.c ****  * 2016-02-05:
  58:../Dave/Generated/ADC_MEASUREMENT_ADV/adc_measurement_adv_conf.c ****  *     - Documentation updated.<BR>
  59:../Dave/Generated/ADC_MEASUREMENT_ADV/adc_measurement_adv_conf.c ****  *
  60:../Dave/Generated/ADC_MEASUREMENT_ADV/adc_measurement_adv_conf.c ****  * 2016-03-18:
  61:../Dave/Generated/ADC_MEASUREMENT_ADV/adc_measurement_adv_conf.c ****  *     - Added consumption of the GLOBAL ICLASS -1 for Sync. Conversions.<BR>
  62:../Dave/Generated/ADC_MEASUREMENT_ADV/adc_measurement_adv_conf.c ****  *     - Added consumption of the result register-0 for subtraction mode.<BR>
  63:../Dave/Generated/ADC_MEASUREMENT_ADV/adc_measurement_adv_conf.c ****  *     - Removed ADC_MEASUREMENT_ADV_SetUniformConversion().<BR>
  64:../Dave/Generated/ADC_MEASUREMENT_ADV/adc_measurement_adv_conf.c ****  *     - New API ADC_MEASUREMENT_ADV_SetIclass() added to configure the GLOBAL ICLASS for Slaves. <
  65:../Dave/Generated/ADC_MEASUREMENT_ADV/adc_measurement_adv_conf.c ****  *
  66:../Dave/Generated/ADC_MEASUREMENT_ADV/adc_measurement_adv_conf.c ****  * 2016-04-26:
  67:../Dave/Generated/ADC_MEASUREMENT_ADV/adc_measurement_adv_conf.c ****  *     - The synchronized conversion in a master slave configuration is currently not supported.<BR
  68:../Dave/Generated/ADC_MEASUREMENT_ADV/adc_measurement_adv_conf.c ****  *
  69:../Dave/Generated/ADC_MEASUREMENT_ADV/adc_measurement_adv_conf.c ****  * @endcond
  70:../Dave/Generated/ADC_MEASUREMENT_ADV/adc_measurement_adv_conf.c ****  *
  71:../Dave/Generated/ADC_MEASUREMENT_ADV/adc_measurement_adv_conf.c ****  */
  72:../Dave/Generated/ADC_MEASUREMENT_ADV/adc_measurement_adv_conf.c **** 
  73:../Dave/Generated/ADC_MEASUREMENT_ADV/adc_measurement_adv_conf.c **** /**************************************************************************************************
  74:../Dave/Generated/ADC_MEASUREMENT_ADV/adc_measurement_adv_conf.c ****  * HEADER FILES
  75:../Dave/Generated/ADC_MEASUREMENT_ADV/adc_measurement_adv_conf.c ****  **************************************************************************************************
  76:../Dave/Generated/ADC_MEASUREMENT_ADV/adc_measurement_adv_conf.c **** 
  77:../Dave/Generated/ADC_MEASUREMENT_ADV/adc_measurement_adv_conf.c **** #include "adc_measurement_adv.h"
  78:../Dave/Generated/ADC_MEASUREMENT_ADV/adc_measurement_adv_conf.c **** 
  79:../Dave/Generated/ADC_MEASUREMENT_ADV/adc_measurement_adv_conf.c **** /**************************************************************************************************
  80:../Dave/Generated/ADC_MEASUREMENT_ADV/adc_measurement_adv_conf.c ****  * EXTERN DECLARATIONS
  81:../Dave/Generated/ADC_MEASUREMENT_ADV/adc_measurement_adv_conf.c ****  **************************************************************************************************
  82:../Dave/Generated/ADC_MEASUREMENT_ADV/adc_measurement_adv_conf.c **** 
  83:../Dave/Generated/ADC_MEASUREMENT_ADV/adc_measurement_adv_conf.c **** 
  84:../Dave/Generated/ADC_MEASUREMENT_ADV/adc_measurement_adv_conf.c **** /**************************************************************************************************
  85:../Dave/Generated/ADC_MEASUREMENT_ADV/adc_measurement_adv_conf.c **** * DATA STRUCTURES
  86:../Dave/Generated/ADC_MEASUREMENT_ADV/adc_measurement_adv_conf.c **** ***************************************************************************************************
  87:../Dave/Generated/ADC_MEASUREMENT_ADV/adc_measurement_adv_conf.c **** 
  88:../Dave/Generated/ADC_MEASUREMENT_ADV/adc_measurement_adv_conf.c **** /* This function would be called in the ADC_MEASUREMENT_Init() to initialize the SR lines of the
  89:../Dave/Generated/ADC_MEASUREMENT_ADV/adc_measurement_adv_conf.c ****  * Result event/channel event.
  90:../Dave/Generated/ADC_MEASUREMENT_ADV/adc_measurement_adv_conf.c ****  */
  91:../Dave/Generated/ADC_MEASUREMENT_ADV/adc_measurement_adv_conf.c **** static void ADC_MEASUREMENT_ADV_0_event_config(void)
  92:../Dave/Generated/ADC_MEASUREMENT_ADV/adc_measurement_adv_conf.c **** {
  25              	 .loc 1 92 0
  26              	 .cfi_startproc
  27 0000 80B5     	 push {r7,lr}
  28              	.LCFI0:
  29              	 .cfi_def_cfa_offset 8
  30              	 .cfi_offset 7,-8
  31              	 .cfi_offset 14,-4
  32 0002 00AF     	 add r7,sp,#0
  33              	.LCFI1:
  34              	 .cfi_def_cfa_register 7
  93:../Dave/Generated/ADC_MEASUREMENT_ADV/adc_measurement_adv_conf.c **** 
  94:../Dave/Generated/ADC_MEASUREMENT_ADV/adc_measurement_adv_conf.c **** 	/* Result Event Node Mux Configuration for xmc_I_cw (Group-0 channel-4 Result_Register-10)*/
  95:../Dave/Generated/ADC_MEASUREMENT_ADV/adc_measurement_adv_conf.c **** 	XMC_VADC_GROUP_SetResultInterruptNode(VADC_G0, 10U, XMC_VADC_SR_SHARED_SR0);
  35              	 .loc 1 95 0
  36 0004 034B     	 ldr r3,.L2
  37 0006 181C     	 mov r0,r3
  38 0008 0A21     	 mov r1,#10
  39 000a 0422     	 mov r2,#4
  40 000c FFF7FEFF 	 bl XMC_VADC_GROUP_SetResultInterruptNode
  96:../Dave/Generated/ADC_MEASUREMENT_ADV/adc_measurement_adv_conf.c **** 
  97:../Dave/Generated/ADC_MEASUREMENT_ADV/adc_measurement_adv_conf.c **** }
  41              	 .loc 1 97 0
  42 0010 BD46     	 mov sp,r7
  43              	 
  44 0012 80BD     	 pop {r7,pc}
  45              	.L3:
  46              	 .align 2
  47              	.L2:
  48 0014 00040348 	 .word 1208157184
  49              	 .cfi_endproc
  50              	.LFE128:
  52              	 .section .rodata.ADC_MEASUREMENT_ADV_0_xmc_ntc_ch_config,"a",%progbits
  53              	 .align 2
  56              	ADC_MEASUREMENT_ADV_0_xmc_ntc_ch_config:
  57 0000 00       	 .byte 0
  58 0001 00       	 .byte 0
  59 0002 2B       	 .byte 43
  60 0003 00       	 .byte 0
  61 0004 00000000 	 .word 0
  62 0008 00000000 	 .space 4
  63 000c 01       	 .byte 1
  64 000d FF       	 .byte -1
  65 000e 0000     	 .space 2
  66              	 .section .rodata.ADC_MEASUREMENT_ADV_0_xmc_ntc_res_config,"a",%progbits
  67              	 .align 2
  70              	ADC_MEASUREMENT_ADV_0_xmc_ntc_res_config:
  71 0000 00000000 	 .space 4
  72              	 .global ADC_MEASUREMENT_ADV_0_xmc_ntc_handle
  73              	 .section .rodata.ADC_MEASUREMENT_ADV_0_xmc_ntc_handle,"a",%progbits
  74              	 .align 2
  77              	ADC_MEASUREMENT_ADV_0_xmc_ntc_handle:
  78 0000 00000000 	 .word ADC_MEASUREMENT_ADV_0_xmc_ntc_ch_config
  79 0004 00000000 	 .word ADC_MEASUREMENT_ADV_0_xmc_ntc_res_config
  80 0008 00       	 .byte 0
  81 0009 00       	 .byte 0
  82 000a 0000     	 .space 2
  83              	 .section .rodata.ADC_MEASUREMENT_ADV_0_xmc_I_ww_ch_config,"a",%progbits
  84              	 .align 2
  87              	ADC_MEASUREMENT_ADV_0_xmc_I_ww_ch_config:
  88 0000 00       	 .byte 0
  89 0001 00       	 .byte 0
  90 0002 2C       	 .byte 44
  91 0003 00       	 .byte 0
  92 0004 00000000 	 .word 0
  93 0008 00000000 	 .space 4
  94 000c 01       	 .byte 1
  95 000d 02       	 .byte 2
  96 000e 0000     	 .space 2
  97              	 .section .rodata.ADC_MEASUREMENT_ADV_0_xmc_I_ww_res_config,"a",%progbits
  98              	 .align 2
 101              	ADC_MEASUREMENT_ADV_0_xmc_I_ww_res_config:
 102 0000 00000000 	 .space 4
 103              	 .global ADC_MEASUREMENT_ADV_0_xmc_I_ww_handle
 104              	 .section .rodata.ADC_MEASUREMENT_ADV_0_xmc_I_ww_handle,"a",%progbits
 105              	 .align 2
 108              	ADC_MEASUREMENT_ADV_0_xmc_I_ww_handle:
 109 0000 00000000 	 .word ADC_MEASUREMENT_ADV_0_xmc_I_ww_ch_config
 110 0004 00000000 	 .word ADC_MEASUREMENT_ADV_0_xmc_I_ww_res_config
 111 0008 00       	 .byte 0
 112 0009 01       	 .byte 1
 113 000a 0000     	 .space 2
 114              	 .section .rodata.ADC_MEASUREMENT_ADV_0_xmc_U_in_ch_config,"a",%progbits
 115              	 .align 2
 118              	ADC_MEASUREMENT_ADV_0_xmc_U_in_ch_config:
 119 0000 00       	 .byte 0
 120 0001 00       	 .byte 0
 121 0002 2D       	 .byte 45
 122 0003 00       	 .byte 0
 123 0004 00000000 	 .word 0
 124 0008 00000000 	 .space 4
 125 000c 01       	 .byte 1
 126 000d FF       	 .byte -1
 127 000e 0000     	 .space 2
 128              	 .section .rodata.ADC_MEASUREMENT_ADV_0_xmc_U_in_res_config,"a",%progbits
 129              	 .align 2
 132              	ADC_MEASUREMENT_ADV_0_xmc_U_in_res_config:
 133 0000 00000000 	 .space 4
 134              	 .global ADC_MEASUREMENT_ADV_0_xmc_U_in_handle
 135              	 .section .rodata.ADC_MEASUREMENT_ADV_0_xmc_U_in_handle,"a",%progbits
 136              	 .align 2
 139              	ADC_MEASUREMENT_ADV_0_xmc_U_in_handle:
 140 0000 00000000 	 .word ADC_MEASUREMENT_ADV_0_xmc_U_in_ch_config
 141 0004 00000000 	 .word ADC_MEASUREMENT_ADV_0_xmc_U_in_res_config
 142 0008 00       	 .byte 0
 143 0009 03       	 .byte 3
 144 000a 0000     	 .space 2
 145              	 .section .rodata.ADC_MEASUREMENT_ADV_0_xmc_I_cw_ch_config,"a",%progbits
 146              	 .align 2
 149              	ADC_MEASUREMENT_ADV_0_xmc_I_cw_ch_config:
 150 0000 00       	 .byte 0
 151 0001 00       	 .byte 0
 152 0002 2A       	 .byte 42
 153 0003 00       	 .byte 0
 154 0004 00000000 	 .word 0
 155 0008 00000000 	 .space 4
 156 000c 01       	 .byte 1
 157 000d FF       	 .byte -1
 158 000e 0000     	 .space 2
 159              	 .section .rodata.ADC_MEASUREMENT_ADV_0_xmc_I_cw_res_config,"a",%progbits
 160              	 .align 2
 163              	ADC_MEASUREMENT_ADV_0_xmc_I_cw_res_config:
 164 0000 0000     	 .space 2
 165 0002 00       	 .byte 0
 166 0003 80       	 .byte 128
 167              	 .global ADC_MEASUREMENT_ADV_0_xmc_I_cw_handle
 168              	 .section .rodata.ADC_MEASUREMENT_ADV_0_xmc_I_cw_handle,"a",%progbits
 169              	 .align 2
 172              	ADC_MEASUREMENT_ADV_0_xmc_I_cw_handle:
 173 0000 00000000 	 .word ADC_MEASUREMENT_ADV_0_xmc_I_cw_ch_config
 174 0004 00000000 	 .word ADC_MEASUREMENT_ADV_0_xmc_I_cw_res_config
 175 0008 00       	 .byte 0
 176 0009 04       	 .byte 4
 177 000a 0000     	 .space 2
 178              	 .section .rodata.ADC_MEASUREMENT_ADV_0_queue_config,"a",%progbits
 179              	 .align 2
 182              	ADC_MEASUREMENT_ADV_0_queue_config:
 183 0000 00000000 	 .space 12
 183      00000000 
 183      00000000 
 184              	 .section .rodata.ADC_MEASUREMENT_ADV_0_queue_handle,"a",%progbits
 185              	 .align 2
 188              	ADC_MEASUREMENT_ADV_0_queue_handle:
 189 0000 00000000 	 .word 0
 190 0004 00000000 	 .word 0
 191 0008 00       	 .byte 0
 192 0009 000000   	 .space 3
 193 000c 15       	 .byte 21
 194 000d 00       	 .byte 0
 195 000e 00       	 .byte 0
 196 000f 00       	 .byte 0
 197 0010 00000000 	 .word ADC_MEASUREMENT_ADV_0_queue_config
 198 0014 01       	 .byte 1
 199 0015 00       	 .byte 0
 200 0016 00       	 .byte 0
 201 0017 00       	 .space 1
 202              	 .section .rodata.ADC_MEASUREMENT_ADV_0_xmc_ntc_queue_entry_0,"a",%progbits
 203              	 .align 2
 206              	ADC_MEASUREMENT_ADV_0_xmc_ntc_queue_entry_0:
 207 0000 A0       	 .byte 160
 208 0001 000000   	 .space 3
 209              	 .section .rodata.ADC_MEASUREMENT_ADV_0_xmc_I_ww_queue_entry_1,"a",%progbits
 210              	 .align 2
 213              	ADC_MEASUREMENT_ADV_0_xmc_I_ww_queue_entry_1:
 214 0000 21       	 .byte 33
 215 0001 000000   	 .space 3
 216              	 .section .rodata.ADC_MEASUREMENT_ADV_0_xmc_U_in_queue_entry_2,"a",%progbits
 217              	 .align 2
 220              	ADC_MEASUREMENT_ADV_0_xmc_U_in_queue_entry_2:
 221 0000 23       	 .byte 35
 222 0001 000000   	 .space 3
 223              	 .section .rodata.ADC_MEASUREMENT_ADV_0_xmc_I_cw_queue_entry_3,"a",%progbits
 224              	 .align 2
 227              	ADC_MEASUREMENT_ADV_0_xmc_I_cw_queue_entry_3:
 228 0000 24       	 .byte 36
 229 0001 000000   	 .space 3
 230              	 .section .data.ADC_MEASUREMENT_ADV_0_queue_entries,"aw",%progbits
 231              	 .align 2
 234              	ADC_MEASUREMENT_ADV_0_queue_entries:
 235 0000 00000000 	 .word ADC_MEASUREMENT_ADV_0_xmc_ntc_queue_entry_0
 236 0004 00000000 	 .word ADC_MEASUREMENT_ADV_0_xmc_I_ww_queue_entry_1
 237 0008 00000000 	 .word ADC_MEASUREMENT_ADV_0_xmc_U_in_queue_entry_2
 238 000c 00000000 	 .word ADC_MEASUREMENT_ADV_0_xmc_I_cw_queue_entry_3
 239              	 .section .data.ADC_MEASUREMENT_ADV_0_channel_array,"aw",%progbits
 240              	 .align 2
 243              	ADC_MEASUREMENT_ADV_0_channel_array:
 244 0000 00000000 	 .word ADC_MEASUREMENT_ADV_0_xmc_ntc_handle
 245 0004 00000000 	 .word ADC_MEASUREMENT_ADV_0_xmc_I_ww_handle
 246 0008 00000000 	 .word ADC_MEASUREMENT_ADV_0_xmc_U_in_handle
 247 000c 00000000 	 .word ADC_MEASUREMENT_ADV_0_xmc_I_cw_handle
 248              	 .section .data.ADC_MEASUREMENT_ADV_0_initialization_status,"aw",%progbits
 251              	ADC_MEASUREMENT_ADV_0_initialization_status:
 252 0000 02       	 .byte 2
 253              	 .global ADC_MEASUREMENT_ADV_0
 254              	 .section .rodata.ADC_MEASUREMENT_ADV_0,"a",%progbits
 255              	 .align 2
 258              	ADC_MEASUREMENT_ADV_0:
 259 0000 00000000 	 .word ADC_MEASUREMENT_ADV_0_channel_array
 260 0004 00000000 	 .word ADC_MEASUREMENT_ADV_0_queue_entries
 261 0008 00000000 	 .word ADC_MEASUREMENT_ADV_0_event_config
 262 000c 00000000 	 .word ADC_MEASUREMENT_ADV_0_queue_handle
 263 0010 00000000 	 .word ADC_MEASUREMENT_ADV_0_initialization_status
 264 0014 03       	 .byte 3
 265 0015 00       	 .byte 0
 266 0016 04       	 .byte 4
 267 0017 04       	 .byte 4
 268 0018 01       	 .byte 1
 269 0019 000000   	 .space 3
 270              	 .text
 271              	.Letext0:
 272              	 .file 2 "c:\\davev4-64bit\\dave-4.3.2\\eclipse\\arm-gcc-49\\arm-none-eabi\\include\\machine\\_default_types.h"
 273              	 .file 3 "c:\\davev4-64bit\\dave-4.3.2\\eclipse\\arm-gcc-49\\arm-none-eabi\\include\\stdint.h"
 274              	 .file 4 "C:/DAVEv4-64Bit/work/Demo_9_See_PWM_Steps/Libraries/CMSIS/Infineon/XMC1300_series/Include/XMC1300.h"
 275              	 .file 5 "C:/DAVEv4-64Bit/work/Demo_9_See_PWM_Steps/Libraries/XMCLib/inc/xmc_vadc.h"
 276              	 .file 6 "../Dave/Generated/ADC_MEASUREMENT_ADV/adc_measurement_adv.h"
 277              	 .file 7 "C:/DAVEv4-64Bit/work/Demo_9_See_PWM_Steps/Libraries/CMSIS/Infineon/XMC1300_series/Include/system_XMC1300.h"
DEFINED SYMBOLS
                            *ABS*:00000000 adc_measurement_adv_conf.c
    {standard input}:18     .text.ADC_MEASUREMENT_ADV_0_event_config:00000000 $t
    {standard input}:22     .text.ADC_MEASUREMENT_ADV_0_event_config:00000000 ADC_MEASUREMENT_ADV_0_event_config
    {standard input}:48     .text.ADC_MEASUREMENT_ADV_0_event_config:00000014 $d
    {standard input}:53     .rodata.ADC_MEASUREMENT_ADV_0_xmc_ntc_ch_config:00000000 $d
    {standard input}:56     .rodata.ADC_MEASUREMENT_ADV_0_xmc_ntc_ch_config:00000000 ADC_MEASUREMENT_ADV_0_xmc_ntc_ch_config
    {standard input}:67     .rodata.ADC_MEASUREMENT_ADV_0_xmc_ntc_res_config:00000000 $d
    {standard input}:70     .rodata.ADC_MEASUREMENT_ADV_0_xmc_ntc_res_config:00000000 ADC_MEASUREMENT_ADV_0_xmc_ntc_res_config
    {standard input}:77     .rodata.ADC_MEASUREMENT_ADV_0_xmc_ntc_handle:00000000 ADC_MEASUREMENT_ADV_0_xmc_ntc_handle
    {standard input}:74     .rodata.ADC_MEASUREMENT_ADV_0_xmc_ntc_handle:00000000 $d
    {standard input}:84     .rodata.ADC_MEASUREMENT_ADV_0_xmc_I_ww_ch_config:00000000 $d
    {standard input}:87     .rodata.ADC_MEASUREMENT_ADV_0_xmc_I_ww_ch_config:00000000 ADC_MEASUREMENT_ADV_0_xmc_I_ww_ch_config
    {standard input}:98     .rodata.ADC_MEASUREMENT_ADV_0_xmc_I_ww_res_config:00000000 $d
    {standard input}:101    .rodata.ADC_MEASUREMENT_ADV_0_xmc_I_ww_res_config:00000000 ADC_MEASUREMENT_ADV_0_xmc_I_ww_res_config
    {standard input}:108    .rodata.ADC_MEASUREMENT_ADV_0_xmc_I_ww_handle:00000000 ADC_MEASUREMENT_ADV_0_xmc_I_ww_handle
    {standard input}:105    .rodata.ADC_MEASUREMENT_ADV_0_xmc_I_ww_handle:00000000 $d
    {standard input}:115    .rodata.ADC_MEASUREMENT_ADV_0_xmc_U_in_ch_config:00000000 $d
    {standard input}:118    .rodata.ADC_MEASUREMENT_ADV_0_xmc_U_in_ch_config:00000000 ADC_MEASUREMENT_ADV_0_xmc_U_in_ch_config
    {standard input}:129    .rodata.ADC_MEASUREMENT_ADV_0_xmc_U_in_res_config:00000000 $d
    {standard input}:132    .rodata.ADC_MEASUREMENT_ADV_0_xmc_U_in_res_config:00000000 ADC_MEASUREMENT_ADV_0_xmc_U_in_res_config
    {standard input}:139    .rodata.ADC_MEASUREMENT_ADV_0_xmc_U_in_handle:00000000 ADC_MEASUREMENT_ADV_0_xmc_U_in_handle
    {standard input}:136    .rodata.ADC_MEASUREMENT_ADV_0_xmc_U_in_handle:00000000 $d
    {standard input}:146    .rodata.ADC_MEASUREMENT_ADV_0_xmc_I_cw_ch_config:00000000 $d
    {standard input}:149    .rodata.ADC_MEASUREMENT_ADV_0_xmc_I_cw_ch_config:00000000 ADC_MEASUREMENT_ADV_0_xmc_I_cw_ch_config
    {standard input}:160    .rodata.ADC_MEASUREMENT_ADV_0_xmc_I_cw_res_config:00000000 $d
    {standard input}:163    .rodata.ADC_MEASUREMENT_ADV_0_xmc_I_cw_res_config:00000000 ADC_MEASUREMENT_ADV_0_xmc_I_cw_res_config
    {standard input}:172    .rodata.ADC_MEASUREMENT_ADV_0_xmc_I_cw_handle:00000000 ADC_MEASUREMENT_ADV_0_xmc_I_cw_handle
    {standard input}:169    .rodata.ADC_MEASUREMENT_ADV_0_xmc_I_cw_handle:00000000 $d
    {standard input}:179    .rodata.ADC_MEASUREMENT_ADV_0_queue_config:00000000 $d
    {standard input}:182    .rodata.ADC_MEASUREMENT_ADV_0_queue_config:00000000 ADC_MEASUREMENT_ADV_0_queue_config
    {standard input}:185    .rodata.ADC_MEASUREMENT_ADV_0_queue_handle:00000000 $d
    {standard input}:188    .rodata.ADC_MEASUREMENT_ADV_0_queue_handle:00000000 ADC_MEASUREMENT_ADV_0_queue_handle
    {standard input}:203    .rodata.ADC_MEASUREMENT_ADV_0_xmc_ntc_queue_entry_0:00000000 $d
    {standard input}:206    .rodata.ADC_MEASUREMENT_ADV_0_xmc_ntc_queue_entry_0:00000000 ADC_MEASUREMENT_ADV_0_xmc_ntc_queue_entry_0
    {standard input}:210    .rodata.ADC_MEASUREMENT_ADV_0_xmc_I_ww_queue_entry_1:00000000 $d
    {standard input}:213    .rodata.ADC_MEASUREMENT_ADV_0_xmc_I_ww_queue_entry_1:00000000 ADC_MEASUREMENT_ADV_0_xmc_I_ww_queue_entry_1
    {standard input}:217    .rodata.ADC_MEASUREMENT_ADV_0_xmc_U_in_queue_entry_2:00000000 $d
    {standard input}:220    .rodata.ADC_MEASUREMENT_ADV_0_xmc_U_in_queue_entry_2:00000000 ADC_MEASUREMENT_ADV_0_xmc_U_in_queue_entry_2
    {standard input}:224    .rodata.ADC_MEASUREMENT_ADV_0_xmc_I_cw_queue_entry_3:00000000 $d
    {standard input}:227    .rodata.ADC_MEASUREMENT_ADV_0_xmc_I_cw_queue_entry_3:00000000 ADC_MEASUREMENT_ADV_0_xmc_I_cw_queue_entry_3
    {standard input}:231    .data.ADC_MEASUREMENT_ADV_0_queue_entries:00000000 $d
    {standard input}:234    .data.ADC_MEASUREMENT_ADV_0_queue_entries:00000000 ADC_MEASUREMENT_ADV_0_queue_entries
    {standard input}:240    .data.ADC_MEASUREMENT_ADV_0_channel_array:00000000 $d
    {standard input}:243    .data.ADC_MEASUREMENT_ADV_0_channel_array:00000000 ADC_MEASUREMENT_ADV_0_channel_array
    {standard input}:251    .data.ADC_MEASUREMENT_ADV_0_initialization_status:00000000 ADC_MEASUREMENT_ADV_0_initialization_status
    {standard input}:258    .rodata.ADC_MEASUREMENT_ADV_0:00000000 ADC_MEASUREMENT_ADV_0
    {standard input}:255    .rodata.ADC_MEASUREMENT_ADV_0:00000000 $d
                     .debug_frame:00000010 $d

UNDEFINED SYMBOLS
XMC_VADC_GROUP_SetResultInterruptNode
